Timestamp: 1780586769.7195547 | ID: 17IM0023 | Error: value too long for type character varying(100)

Timestamp: 1780586789.0585973 | ID: 24PI0003 | Error: value too long for type character varying(100)

Timestamp: 1780586789.1152725 | ID: 20DF0035 | Error: value too long for type character varying(100)

Timestamp: 1780586798.8678558 | ID: 21I00019 | Error: value too long for type character varying(100)

Timestamp: 1780586819.20881 | ID: 19DP0008 | Error: value too long for type character varying(100)

Timestamp: 1780586871.7300467 | ID: 22CC0077 | Error: value too long for type character varying(100)

Timestamp: 1780586885.7883153 | ID: 17BI0033 | Error: value too long for type character varying(100)

Timestamp: 1780586899.0344229 | ID: 23K00123 | Error: value too long for type character varying(100)

Timestamp: 1780586899.2797334 | ID: 18IE0042 | Error: value too long for type character varying(100)

Timestamp: 1780586899.3611887 | ID: 22FC0081 | Error: value too long for type character varying(100)

Timestamp: 1780586952.0164936 | ID: 25OI0158 | Error: value too long for type character varying(100)

Timestamp: 1780586952.1813643 | ID: 20AD0119 | Error: value too long for type character varying(100)

Timestamp: 1780586952.2369769 | ID: 18H00042 | Error: value too long for type character varying(100)

Timestamp: 1780586952.2700593 | ID: 24IC0149 | Error: value too long for type character varying(100)

Timestamp: 1780586952.3036385 | ID: 19CD0065 | Error: value too long for type character varying(100)

Timestamp: 1780586952.3526032 | ID: 17OF0038 | Error: value too long for type character varying(100)

Timestamp: 1780586966.714392 | ID: 18IF0072 | Error: value too long for type character varying(100)

Timestamp: 1780586966.7481573 | ID: 25FD0122 | Error: value too long for type character varying(100)

Timestamp: 1780586993.3725383 | ID: 18PE0030 | Error: value too long for type character varying(100)

Timestamp: 1780587008.4117858 | ID: 18CC0201 | Error: value too long for type character varying(100)

Timestamp: 1780587024.2637599 | ID: 22M00075 | Error: value too long for type character varying(100)

Timestamp: 1780587024.3200018 | ID: 25LK0023 | Error: value too long for type character varying(100)

Timestamp: 1780587024.337662 | ID: 19OE0063 | Error: value too long for type character varying(100)

Timestamp: 1780587024.3733733 | ID: 21HL0030 | Error: value too long for type character varying(100)

Timestamp: 1780587024.4354222 | ID: 24GP0065 | Error: value too long for type character varying(100)

Timestamp: 1780587055.3895288 | ID: 25LC0099 | Error: value too long for type character varying(100)

Timestamp: 1780587069.7478697 | ID: 26RA0144 | Error: value too long for type character varying(100)

Timestamp: 1780587069.9421833 | ID: 18OG0141 | Error: value too long for type character varying(100)

Timestamp: 1780587069.9864497 | ID: 17EA0090 | Error: value too long for type character varying(100)

Timestamp: 1780587085.1541564 | ID: 21P00064 | Error: value too long for type character varying(100)

Timestamp: 1780587100.591507 | ID: 24HN0225 | Error: value too long for type character varying(100)

Timestamp: 1780587100.9401643 | ID: 25LK0070 | Error: value too long for type character varying(100)

Timestamp: 1780587100.966811 | ID: 26PC0058 | Error: value too long for type character varying(100)

Timestamp: 1780587116.0664964 | ID: 26ND0020 | Error: value too long for type character varying(100)

Timestamp: 1780587116.2052004 | ID: 18AH0067 | Error: value too long for type character varying(100)

Timestamp: 1780587116.3644795 | ID: 25GH0082 | Error: value too long for type character varying(100)

Timestamp: 1780587116.4140427 | ID: 25IN0046 | Error: value too long for type character varying(100)

Timestamp: 1780587132.192479 | ID: 17FG0042 | Error: value too long for type character varying(100)

Timestamp: 1780587132.1959321 | ID: 26PD0009 | Error: value too long for type character varying(100)

Timestamp: 1780587132.274025 | ID: 18D00050 | Error: value too long for type character varying(100)

Timestamp: 1780587132.3685734 | ID: 26RG0107 | Error: value too long for type character varying(100)

Timestamp: 1780587148.8386593 | ID: 20DD0084 | Error: value too long for type character varying(100)

Timestamp: 1780587164.6538007 | ID: 21HN0149 | Error: value too long for type character varying(100)

Timestamp: 1780587164.7835824 | ID: 26DM0019 | Error: value too long for type character varying(100)

Timestamp: 1780587180.245308 | ID: 23KB0055 | Error: value too long for type character varying(100)

Timestamp: 1780587195.669975 | ID: 24HK0073 | Error: value too long for type character varying(100)

Timestamp: 1780587195.80432 | ID: 26ND0021 | Error: value too long for type character varying(100)

Timestamp: 1780587212.247907 | ID: 22HN0051 | Error: value too long for type character varying(100)

Timestamp: 1780587226.935217 | ID: 18IE0071 | Error: value too long for type character varying(100)

Timestamp: 1780587243.1157484 | ID: 25OI0072 | Error: value too long for type character varying(100)

Timestamp: 1780587243.1366162 | ID: 26RA0139 | Error: value too long for type character varying(100)

Timestamp: 1780587243.3166685 | ID: 21DF0179 | Error: value too long for type character varying(100)

Timestamp: 1780587243.480081 | ID: 24GP0018 | Error: value too long for type character varying(100)

Timestamp: 1780587259.417442 | ID: 23BA0026 | Error: value too long for type character varying(100)

Timestamp: 1780587260.5426342 | ID: 17GA0030 | Error: value too long for type character varying(100)

